  dodgeGame.cpp
C:\Projects\DodgeGame\DodgeGame\dodgeGame.cpp(64,23): warning C4305: 'argument': truncation from 'double' to 'T'
C:\Projects\DodgeGame\DodgeGame\dodgeGame.cpp(64,23): warning C4305:         with
C:\Projects\DodgeGame\DodgeGame\dodgeGame.cpp(64,23): warning C4305:         [
C:\Projects\DodgeGame\DodgeGame\dodgeGame.cpp(64,23): warning C4305:             T=float
C:\Projects\DodgeGame\DodgeGame\dodgeGame.cpp(64,23): warning C4305:         ]
C:\Projects\DodgeGame\DodgeGame\dodgeGame.cpp(68,18): warning C4305: 'argument': truncation from 'double' to 'T'
C:\Projects\DodgeGame\DodgeGame\dodgeGame.cpp(68,18): warning C4305:         with
C:\Projects\DodgeGame\DodgeGame\dodgeGame.cpp(68,18): warning C4305:         [
C:\Projects\DodgeGame\DodgeGame\dodgeGame.cpp(68,18): warning C4305:             T=float
C:\Projects\DodgeGame\DodgeGame\dodgeGame.cpp(68,18): warning C4305:         ]
C:\Projects\DodgeGame\DodgeGame\dodgeGame.cpp(72,23): warning C4305: 'argument': truncation from 'double' to 'T'
C:\Projects\DodgeGame\DodgeGame\dodgeGame.cpp(72,23): warning C4305:         with
C:\Projects\DodgeGame\DodgeGame\dodgeGame.cpp(72,23): warning C4305:         [
C:\Projects\DodgeGame\DodgeGame\dodgeGame.cpp(72,23): warning C4305:             T=float
C:\Projects\DodgeGame\DodgeGame\dodgeGame.cpp(72,23): warning C4305:         ]
C:\Projects\DodgeGame\DodgeGame\dodgeGame.cpp(76,18): warning C4305: 'argument': truncation from 'double' to 'T'
C:\Projects\DodgeGame\DodgeGame\dodgeGame.cpp(76,18): warning C4305:         with
C:\Projects\DodgeGame\DodgeGame\dodgeGame.cpp(76,18): warning C4305:         [
C:\Projects\DodgeGame\DodgeGame\dodgeGame.cpp(76,18): warning C4305:             T=float
C:\Projects\DodgeGame\DodgeGame\dodgeGame.cpp(76,18): warning C4305:         ]
LINK : warning LNK4098: defaultlib 'MSVCRT' conflicts with use of other libs; use /NODEFAULTLIB:library
  DodgeGame.vcxproj -> C:\Projects\DodgeGame\DodgeGame\x64\Debug\DodgeGame.exe
