  dodgeGame.cpp
  main.cpp
dodgeGame.obj : error LNK2001: unresolved external symbol "__declspec(dllimport) public: class sf::Time __cdecl sf::Clock::restart(void)" (__imp_?restart@Clock@sf@@QEAA?AVTime@2@XZ)
dodgeGame.obj : error LNK2001: unresolved external symbol "__declspec(dllimport) public: void __cdecl sf::Clock::stop(void)" (__imp_?stop@Clock@sf@@QEAAXXZ)
dodgeGame.obj : error LNK2001: unresolved external symbol "__declspec(dllimport) public: void __cdecl sf::Clock::start(void)" (__imp_?start@Clock@sf@@QEAAXXZ)
dodgeGame.obj : error LNK2001: unresolved external symbol "__declspec(dllimport) public: bool __cdecl sf::Clock::isRunning(void)const " (__imp_?isRunning@Clock@sf@@QEBA_NXZ)
dodgeGame.obj : error LNK2001: unresolved external symbol "__declspec(dllimport) public: class sf::Time __cdecl sf::Clock::getElapsedTime(void)const " (__imp_?getElapsedTime@Clock@sf@@QEBA?AVTime@2@XZ)
dodgeGame.obj : error LNK2001: unresolved external symbol "__declspec(dllimport) public: static struct sf::RenderStates const sf::RenderStates::Default" (__imp_?Default@RenderStates@sf@@2U12@B)
dodgeGame.obj : error LNK2001: unresolved external symbol "__declspec(dllimport) public: float __cdecl sf::CircleShape::getRadius(void)const " (__imp_?getRadius@CircleShape@sf@@QEBAMXZ)
dodgeGame.obj : error LNK2001: unresolved external symbol "__declspec(dllimport) public: void __cdecl sf::CircleShape::setRadius(float)" (__imp_?setRadius@CircleShape@sf@@QEAAXM@Z)
dodgeGame.obj : error LNK2001: unresolved external symbol "__declspec(dllimport) public: __cdecl sf::CircleShape::CircleShape(float,unsigned __int64)" (__imp_??0CircleShape@sf@@QEAA@M_K@Z)
dodgeGame.obj : error LNK2001: unresolved external symbol "__declspec(dllimport) public: class sf::Transform const & __cdecl sf::Transformable::getTransform(void)const " (__imp_?getTransform@Transformable@sf@@QEBAAEBVTransform@2@XZ)
dodgeGame.obj : error LNK2001: unresolved external symbol "__declspec(dllimport) public: void __cdecl sf::Transformable::move(class sf::Vector2<float>)" (__imp_?move@Transformable@sf@@QEAAXV?$Vector2@M@2@@Z)
dodgeGame.obj : error LNK2001: unresolved external symbol "__declspec(dllimport) public: class sf::Vector2<float> __cdecl sf::Transformable::getOrigin(void)const " (__imp_?getOrigin@Transformable@sf@@QEBA?AV?$Vector2@M@2@XZ)
dodgeGame.obj : error LNK2001: unresolved external symbol "__declspec(dllimport) public: class sf::Angle __cdecl sf::Transformable::getRotation(void)const " (__imp_?getRotation@Transformable@sf@@QEBA?AVAngle@2@XZ)
dodgeGame.obj : error LNK2001: unresolved external symbol "__declspec(dllimport) public: class sf::Vector2<float> __cdecl sf::Transformable::getPosition(void)const " (__imp_?getPosition@Transformable@sf@@QEBA?AV?$Vector2@M@2@XZ)
dodgeGame.obj : error LNK2001: unresolved external symbol "__declspec(dllimport) public: void __cdecl sf::Transformable::setOrigin(class sf::Vector2<float>)" (__imp_?setOrigin@Transformable@sf@@QEAAXV?$Vector2@M@2@@Z)
dodgeGame.obj : error LNK2001: unresolved external symbol "__declspec(dllimport) public: void __cdecl sf::Transformable::setRotation(class sf::Angle)" (__imp_?setRotation@Transformable@sf@@QEAAXVAngle@2@@Z)
dodgeGame.obj : error LNK2001: unresolved external symbol "__declspec(dllimport) public: void __cdecl sf::Transformable::setPosition(class sf::Vector2<float>)" (__imp_?setPosition@Transformable@sf@@QEAAXV?$Vector2@M@2@@Z)
dodgeGame.obj : error LNK2001: unresolved external symbol "__declspec(dllimport) public: __cdecl sf::Font::Font(class std::filesystem::path const &)" (__imp_??0Font@sf@@QEAA@AEBVpath@filesystem@std@@@Z)
dodgeGame.obj : error LNK2001: unresolved external symbol "__declspec(dllimport) public: virtual class sf::Vector2<unsigned int> __cdecl sf::RenderWindow::getSize(void)const " (__imp_?getSize@RenderWindow@sf@@UEBA?AV?$Vector2@I@2@XZ)
dodgeGame.obj : error LNK2001: unresolved external symbol "__declspec(dllimport) public: __cdecl sf::RenderWindow::RenderWindow(class sf::VideoMode,class sf::String const &,unsigned int,enum sf::State,struct sf::ContextSettings const &)" (__imp_??0RenderWindow@sf@@QEAA@VVideoMode@1@AEBVString@1@IW4State@1@AEBUContextSettings@1@@Z)
dodgeGame.obj : error LNK2001: unresolved external symbol "__declspec(dllimport) public: void __cdecl sf::Window::display(void)" (__imp_?display@Window@sf@@QEAAXXZ)
dodgeGame.obj : error LNK2001: unresolved external symbol "__declspec(dllimport) public: virtual void __cdecl sf::Window::close(void)" (__imp_?close@Window@sf@@UEAAXXZ)
dodgeGame.obj : error LNK2001: unresolved external symbol "__declspec(dllimport) public: void __cdecl sf::WindowBase::setVisible(bool)" (__imp_?setVisible@WindowBase@sf@@QEAAX_N@Z)
dodgeGame.obj : error LNK2001: unresolved external symbol "__declspec(dllimport) public: class std::optional<class sf::Event> __cdecl sf::WindowBase::pollEvent(void)" (__imp_?pollEvent@WindowBase@sf@@QEAA?AV?$optional@VEvent@sf@@@std@@XZ)
dodgeGame.obj : error LNK2001: unresolved external symbol "__declspec(dllimport) public: bool __cdecl sf::WindowBase::isOpen(void)const " (__imp_?isOpen@WindowBase@sf@@QEBA_NXZ)
dodgeGame.obj : error LNK2001: unresolved external symbol "__declspec(dllimport) public: void __cdecl sf::RenderTarget::draw(class sf::Drawable const &,struct sf::RenderStates const &)" (__imp_?draw@RenderTarget@sf@@QEAAXAEBVDrawable@2@AEBURenderStates@2@@Z)
dodgeGame.obj : error LNK2001: unresolved external symbol "__declspec(dllimport) public: class sf::Vector2<float> __cdecl sf::RenderTarget::mapPixelToCoords(class sf::Vector2<int>)const " (__imp_?mapPixelToCoords@RenderTarget@sf@@QEBA?AV?$Vector2@M@2@V?$Vector2@H@2@@Z)
dodgeGame.obj : error LNK2001: unresolved external symbol "__declspec(dllimport) public: void __cdecl sf::RenderTarget::clear(class sf::Color)" (__imp_?clear@RenderTarget@sf@@QEAAXVColor@2@@Z)
dodgeGame.obj : error LNK2001: unresolved external symbol "__declspec(dllimport) bool __cdecl sf::Keyboard::isKeyPressed(enum sf::Keyboard::Scan)" (__imp_?isKeyPressed@Keyboard@sf@@YA_NW4Scan@12@@Z)
dodgeGame.obj : error LNK2001: unresolved external symbol "__declspec(dllimport) public: class sf::Rect<float> __cdecl sf::Shape::getLocalBounds(void)const " (__imp_?getLocalBounds@Shape@sf@@QEBA?AV?$Rect@M@2@XZ)
dodgeGame.obj : error LNK2001: unresolved external symbol "__declspec(dllimport) public: void __cdecl sf::Shape::setFillColor(class sf::Color)" (__imp_?setFillColor@Shape@sf@@QEAAXVColor@2@@Z)
dodgeGame.obj : error LNK2001: unresolved external symbol "__declspec(dllimport) public: __cdecl sf::String::String(char const *,class std::locale const &)" (__imp_??0String@sf@@QEAA@PEBDAEBVlocale@std@@@Z)
dodgeGame.obj : error LNK2001: unresolved external symbol "__declspec(dllimport) public: __cdecl sf::String::String(class std::basic_string<char,struct std::char_traits<char>,class std::allocator<char> > const &,class std::locale const &)" (__imp_??0String@sf@@QEAA@AEBV?$basic_string@DU?$char_traits@D@std@@V?$allocator@D@2@@std@@AEBVlocale@3@@Z)
dodgeGame.obj : error LNK2001: unresolved external symbol "__declspec(dllimport) public: class sf::Vector2<float> __cdecl sf::RectangleShape::getSize(void)const " (__imp_?getSize@RectangleShape@sf@@QEBA?AV?$Vector2@M@2@XZ)
dodgeGame.obj : error LNK2001: unresolved external symbol "__declspec(dllimport) public: void __cdecl sf::RectangleShape::setSize(class sf::Vector2<float>)" (__imp_?setSize@RectangleShape@sf@@QEAAXV?$Vector2@M@2@@Z)
dodgeGame.obj : error LNK2001: unresolved external symbol "__declspec(dllimport) public: __cdecl sf::RectangleShape::RectangleShape(class sf::Vector2<float>)" (__imp_??0RectangleShape@sf@@QEAA@V?$Vector2@M@1@@Z)
dodgeGame.obj : error LNK2001: unresolved external symbol "__declspec(dllimport) public: __cdecl sf::VideoMode::VideoMode(class sf::Vector2<unsigned int>,unsigned int)" (__imp_??0VideoMode@sf@@QEAA@V?$Vector2@I@1@I@Z)
dodgeGame.obj : error LNK2001: unresolved external symbol "__declspec(dllimport) public: class sf::Rect<float> __cdecl sf::Text::getLocalBounds(void)const " (__imp_?getLocalBounds@Text@sf@@QEBA?AV?$Rect@M@2@XZ)
dodgeGame.obj : error LNK2001: unresolved external symbol "__declspec(dllimport) public: void __cdecl sf::Text::setFillColor(class sf::Color)" (__imp_?setFillColor@Text@sf@@QEAAXVColor@2@@Z)
dodgeGame.obj : error LNK2001: unresolved external symbol "__declspec(dllimport) public: void __cdecl sf::Text::setString(class sf::String const &)" (__imp_?setString@Text@sf@@QEAAXAEBVString@2@@Z)
dodgeGame.obj : error LNK2001: unresolved external symbol "__declspec(dllimport) public: __cdecl sf::Text::Text(class sf::Font const &,class sf::String,unsigned int)" (__imp_??0Text@sf@@QEAA@AEBVFont@1@VString@1@I@Z)
dodgeGame.obj : error LNK2001: unresolved external symbol "__declspec(dllimport) bool __cdecl sf::Mouse::isButtonPressed(enum sf::Mouse::Button)" (__imp_?isButtonPressed@Mouse@sf@@YA_NW4Button@12@@Z)
dodgeGame.obj : error LNK2001: unresolved external symbol "__declspec(dllimport) class sf::Vector2<int> __cdecl sf::Mouse::getPosition(class sf::WindowBase const &)" (__imp_?getPosition@Mouse@sf@@YA?AV?$Vector2@H@2@AEBVWindowBase@2@@Z)
dodgeGame.obj : error LNK2001: unresolved external symbol "__declspec(dllimport) public: class sf::Angle __cdecl sf::Vector2<float>::angle(void)const " (__imp_?angle@?$Vector2@M@sf@@QEBA?AVAngle@2@XZ)
dodgeGame.obj : error LNK2001: unresolved external symbol "__declspec(dllimport) public: __cdecl sf::CircleShape::CircleShape(class sf::CircleShape const &)" (__imp_??0CircleShape@sf@@QEAA@AEBV01@@Z)
dodgeGame.obj : error LNK2001: unresolved external symbol "__declspec(dllimport) public: class sf::CircleShape & __cdecl sf::CircleShape::operator=(class sf::CircleShape &&)" (__imp_??4CircleShape@sf@@QEAAAEAV01@$$QEAV01@@Z)
dodgeGame.obj : error LNK2001: unresolved external symbol "__declspec(dllimport) public: class sf::RectangleShape & __cdecl sf::RectangleShape::operator=(class sf::RectangleShape &&)" (__imp_??4RectangleShape@sf@@QEAAAEAV01@$$QEAV01@@Z)
dodgeGame.obj : error LNK2001: unresolved external symbol "__declspec(dllimport) public: class sf::Transformable & __cdecl sf::Transformable::operator=(class sf::Transformable const &)" (__imp_??4Transformable@sf@@QEAAAEAV01@AEBV01@@Z)
dodgeGame.obj : error LNK2001: unresolved external symbol "__declspec(dllimport) public: class sf::Drawable & __cdecl sf::Drawable::operator=(class sf::Drawable const &)" (__imp_??4Drawable@sf@@QEAAAEAV01@AEBV01@@Z)
dodgeGame.obj : error LNK2001: unresolved external symbol "__declspec(dllimport) public: virtual __cdecl sf::RenderWindow::~RenderWindow(void)" (__imp_??1RenderWindow@sf@@UEAA@XZ)
dodgeGame.obj : error LNK2001: unresolved external symbol "__declspec(dllimport) public: __cdecl sf::CircleShape::CircleShape(class sf::CircleShape &&)" (__imp_??0CircleShape@sf@@QEAA@$$QEAV01@@Z)
dodgeGame.obj : error LNK2001: unresolved external symbol "__declspec(dllimport) public: __cdecl sf::Transformable::Transformable(class sf::Transformable const &)" (__imp_??0Transformable@sf@@QEAA@AEBV01@@Z)
dodgeGame.obj : error LNK2001: unresolved external symbol "__declspec(dllimport) public: __cdecl sf::Drawable::Drawable(class sf::Drawable const &)" (__imp_??0Drawable@sf@@QEAA@AEBV01@@Z)
dodgeGame.obj : error LNK2001: unresolved external symbol "__declspec(dllimport) public: __cdecl sf::Clock::Clock(void)" (__imp_??0Clock@sf@@QEAA@XZ)
dodgeGame.obj : error LNK2001: unresolved external symbol "__declspec(dllimport) public: virtual __cdecl sf::CircleShape::~CircleShape(void)" (__imp_??1CircleShape@sf@@UEAA@XZ)
dodgeGame.obj : error LNK2001: unresolved external symbol "__declspec(dllimport) public: __cdecl sf::Transformable::Transformable(void)" (__imp_??0Transformable@sf@@QEAA@XZ)
dodgeGame.obj : error LNK2001: unresolved external symbol "__declspec(dllimport) public: __cdecl sf::Drawable::Drawable(void)" (__imp_??0Drawable@sf@@QEAA@XZ)
dodgeGame.obj : error LNK2001: unresolved external symbol "__declspec(dllimport) public: virtual __cdecl sf::Text::~Text(void)" (__imp_??1Text@sf@@UEAA@XZ)
dodgeGame.obj : error LNK2001: unresolved external symbol "__declspec(dllimport) public: virtual __cdecl sf::RectangleShape::~RectangleShape(void)" (__imp_??1RectangleShape@sf@@UEAA@XZ)
dodgeGame.obj : error LNK2001: unresolved external symbol "__declspec(dllimport) public: __cdecl sf::Font::~Font(void)" (__imp_??1Font@sf@@QEAA@XZ)
dodgeGame.obj : error LNK2001: unresolved external symbol "__declspec(dllimport) public: virtual __cdecl sf::Transformable::~Transformable(void)" (__imp_??1Transformable@sf@@UEAA@XZ)
dodgeGame.obj : error LNK2001: unresolved external symbol "__declspec(dllimport) public: virtual __cdecl sf::Drawable::~Drawable(void)" (__imp_??1Drawable@sf@@UEAA@XZ)
dodgeGame.obj : error LNK2001: unresolved external symbol "__declspec(dllimport) public: __cdecl sf::String::~String(void)" (__imp_??1String@sf@@QEAA@XZ)
C:\Projects\DodgeGame\DodgeGame\x64\Release\DodgeGame.exe : fatal error LNK1120: 63 unresolved externals
